<?xml version="1.0" encoding="UTF-8"?>
<testsuite xmlns:xsi="http://www.w3.org/2001/XMLSchema-instance" xsi:noNamespaceSchemaLocation="https://maven.apache.org/surefire/maven-surefire-plugin/xsd/surefire-test-report.xsd" name="com.earl.nbyngamerules.impl.TestGameRulesImpl" time="0.026" tests="7" errors="0" skipped="0" failures="0">
  <properties>
[...]
</properties>
  <testcase name="testGet" classname="com.earl.nbyngamerules.impl.TestGameRulesImpl" time="0.009"/>
  <testcase name="testSet" classname="com.earl.nbyngamerules.impl.TestGameRulesImpl" time="0.001"/>
  <testcase name="testSet2" classname="com.earl.nbyngamerules.impl.TestGameRulesImpl" time="0.002"/>
  <testcase name="testInitialize" classname="com.earl.nbyngamerules.impl.TestGameRulesImpl" time="0.001"/>
  <testcase name="testInitialize2" classname="com.earl.nbyngamerules.impl.TestGameRulesImpl" time="0.001"/>
  <testcase name="testIsWinner" classname="com.earl.nbyngamerules.impl.TestGameRulesImpl" time="0.002"/>
  <testcase name="testGetOpponent" classname="com.earl.nbyngamerules.impl.TestGameRulesImpl" time="0.002"/>
</testsuite>